
Showing logs for build [32mcb-kubecd-environment-pr-179-6-cm9mm-1[0m stage [32mfrom-build-pack[0m and container [32mstep-credential-initializer-559dz[0m
{"level":"warn","ts":1583904149.261821,"logger":"fallback-logger","caller":"logging/config.go:69","msg":"Fetch GitHub commit ID from kodata failed: \"ref: refs/heads/0.8.0-**-support-backwards-incompats\" is not a valid GitHub commit ID"}
{"level":"info","ts":1583904149.2625272,"logger":"fallback-logger","caller":"creds-init/main.go:40","msg":"Credentials initialized."}

Showing logs for build [32mcb-kubecd-environment-pr-179-6-cm9mm-1[0m stage [32mfrom-build-pack[0m and container [32mstep-working-dir-initializer-5sq4l[0m
{"level":"warn","ts":1583904150.2552137,"logger":"fallback-logger","caller":"logging/config.go:69","msg":"Fetch GitHub commit ID from kodata failed: open /var/run/ko/HEAD: no such file or directory"}
{"level":"info","ts":1583904150.2571347,"logger":"fallback-logger","caller":"bash/main.go:64","msg":"Successfully executed command \"sh -c mkdir -p /workspace/source\"; output "}

Showing logs for build [32mcb-kubecd-environment-pr-179-6-cm9mm-1[0m stage [32mfrom-build-pack[0m and container [32mstep-place-tools[0m

Showing logs for build [32mcb-kubecd-environment-pr-179-6-cm9mm-1[0m stage [32mfrom-build-pack[0m and container [32mstep-git-source-cb-kubecd-environment-pr-179-6-cm9mm-9z6wk[0m
{"level":"warn","ts":1583904178.30509,"logger":"fallback-logger","caller":"logging/config.go:69","msg":"Fetch GitHub commit ID from kodata failed: \"ref: refs/heads/0.8.0-**-support-backwards-incompats\" is not a valid GitHub commit ID"}
{"level":"info","ts":1583904179.415791,"logger":"fallback-logger","caller":"git/git.go:103","msg":"Successfully cloned https://github.com/cb-kubecd/environment-pr-179-6-boot-vault-gke-staging.git @ master in path /workspace/source"}

Showing logs for build [32mcb-kubecd-environment-pr-179-6-cm9mm-1[0m stage [32mfrom-build-pack[0m and container [32mstep-git-merge[0m
Using SHAs from PULL_REFS=master:b02f1c99013afc93af443555ce67fdb8f01f63a1,2:55aca704e59012f483f3e475e8ca1bf73c1165c4
DEBUG: LC_ALL=C JX_LOG_LEVEL=error git fetch origin --unshallow 55aca704e59012f483f3e475e8ca1bf73c1165c4: b02f1c99013afc93af443555ce67fdb8f01f63a1:
DEBUG: ran git fetch --unshallow origin 55aca704e59012f483f3e475e8ca1bf73c1165c4: b02f1c99013afc93af443555ce67fdb8f01f63a1: in 
DEBUG: LC_ALL=C JX_LOG_LEVEL=error git branch
DEBUG: LC_ALL=C JX_LOG_LEVEL=error git checkout master
DEBUG: ran git checkout master in 
DEBUG: LC_ALL=C JX_LOG_LEVEL=error git reset --hard b02f1c99013afc93af443555ce67fdb8f01f63a1
DEBUG: ran git reset --hard b02f1c99013afc93af443555ce67fdb8f01f63a1 in 
DEBUG: LC_ALL=C JX_LOG_LEVEL=error git clean -fd .
DEBUG: ran clean --force -d . in 
DEBUG: JX_LOG_LEVEL=error LC_ALL=C git merge 55aca704e59012f483f3e475e8ca1bf73c1165c4
DEBUG: ran git merge 55aca704e59012f483f3e475e8ca1bf73c1165c4 in 
DEBUG: LC_ALL=C JX_LOG_LEVEL=error git log --format=%H%x1f%an%x1f%ae%x1f%cn%x1f%ce%x1f%s%n%b%x1e b02f1c99013afc93af443555ce67fdb8f01f63a1..HEAD
Merged SHA 55aca704e59012f483f3e475e8ca1bf73c1165c4 with commit message 'chore: Promote bdd-sbhg-1583903851 to version 0.0.1' into base branch master

Showing logs for build [32mcb-kubecd-environment-pr-179-6-cm9mm-1[0m stage [32mfrom-build-pack[0m and container [32mstep-build-helm-build[0m
WARNING: No $CHART_REPOSITORY defined so using the default value of: http://jenkins-x-chartmuseum:8080
Adding missing Helm repo: storage.googleapis.com https://storage.googleapis.com/chartmuseum.jenkins-x.io
WARNING: No secrets found on "helm/repos" due: reading the secret "helm/repos" from vault: no secret "helm/repos" not found in vault
Read credentials for https://storage.googleapis.com/chartmuseum.jenkins-x.io from vault helm/repos
Successfully added Helm repository storage.googleapis.com.
Adding missing Helm repo: jenkins-x-chartmuseum http://jenkins-x-chartmuseum:8080
WARNING: No secrets found on "helm/repos" due: reading the secret "helm/repos" from vault: no secret "helm/repos" not found in vault
Read credentials for http://jenkins-x-chartmuseum:8080 from vault helm/repos
Successfully added Helm repository jenkins-x-chartmuseum.
WARNING: No $CHART_REPOSITORY defined so using the default value of: http://jenkins-x-chartmuseum:8080
Adding missing Helm repo: chartmuseum.jenkins-x.io http://chartmuseum.jenkins-x.io
WARNING: No secrets found on "helm/repos" due: reading the secret "helm/repos" from vault: no secret "helm/repos" not found in vault
Read credentials for http://chartmuseum.jenkins-x.io from vault helm/repos
Successfully added Helm repository chartmuseum.jenkins-x.io.
